[debug] [2021-01-26T20:01:33.035Z] ----------------------------------------------------------------------
[debug] [2021-01-26T20:01:33.036Z] Command:       C:\Program Files\nodejs\node.exe C:\Users\thaid\AppData\Roaming\npm\node_modules\firebase-tools\lib\bin\firebase.js init hosting
[debug] [2021-01-26T20:01:33.036Z] CLI Version:   8.16.2
[debug] [2021-01-26T20:01:33.037Z] Platform:      win32
[debug] [2021-01-26T20:01:33.037Z] Node Version:  v14.15.3
[debug] [2021-01-26T20:01:33.037Z] Time:          Wed Jan 27 2021 03:01:33 GMT+0700 (Indochina Time)
[debug] [2021-01-26T20:01:33.037Z] ----------------------------------------------------------------------
[debug] [2021-01-26T20:01:33.037Z] 
[debug] [2021-01-26T20:01:33.041Z] > command requires scopes: ["email","openid","https://www.googleapis.com/auth/cloudplatformprojects.readonly","https://www.googleapis.com/auth/firebase","https://www.googleapis.com/auth/cloud-platform"]
[debug] [2021-01-26T20:01:33.042Z] > authorizing via signed-in user
[info] 
     ######## #### ########  ######## ########     ###     ######  ########
     ##        ##  ##     ## ##       ##     ##  ##   ##  ##       ##
     ######    ##  ########  ######   ########  #########  ######  ######
     ##        ##  ##    ##  ##       ##     ## ##     ##       ## ##
     ##       #### ##     ## ######## ########  ##     ##  ######  ########

You're about to initialize a Firebase project in this directory:

  D:\LAB\QuizOnline

[info] 
=== Project Setup
[info] 
[info] First, let's associate this project directory with a Firebase project.
[info] You can create multiple project aliases by running firebase use --add, 
[info] but for now we'll just set up a default project.
[info] 
[info] 
=== Hosting Setup
[info] 
[info] Your public directory is the folder (relative to your project directory) that
[info] will contain Hosting assets to be uploaded with firebase deploy. If you
[info] have a build process for your assets, use your build's output directory.
[info] 
